# JRE version: OpenJDK Runtime Environment Temurin-21.0.10+7 (21.0.10+7) (build 21.0.10+7-LTS)
# Java VM: OpenJDK 64-Bit Server VM Temurin-21.0.10+7 (21.0.10+7-LTS, mixed mode, sharing, tiered, compressed oops, compressed class ptrs, parallel gc, windows-amd64)
GC Precious Log:
 CardTable entry size: 512
 CPUs: 4 total, 4 available
 Memory: 3970M
 Large Page Support: Disabled
 NUMA Support: Disabled
 Compressed Oops: Enabled (32-bit)
 Alignments: Space 512K, Generation 512K, Heap 2M
 Heap Min Capacity: 100M
 Heap Initial Capacity: 100M
 Heap Max Capacity: 2G
 Pre-touch: Disabled
 Parallel Workers: 4
Heap:
 PSYoungGen      total 12800K, used 6996K [0x00000000d5580000, 0x00000000d6e00000, 0x0000000100000000)
  eden space 12288K, 52% used [0x00000000d5580000,0x00000000d5bdacc8,0x00000000d6180000)
  from space 512K, 95% used [0x00000000d6d00000,0x00000000d6d7a420,0x00000000d6d80000)
  to   space 512K, 0% used [0x00000000d6d80000,0x00000000d6d80000,0x00000000d6e00000)
 ParOldGen       total 1308160K, used 530241K [0x0000000080000000, 0x00000000cfd80000, 0x00000000d5580000)
  object space 1308160K, 40% used [0x0000000080000000,0x00000000a05d07e0,0x00000000cfd80000)
 Metaspace       used 85882K, committed 87680K, reserved 1179648K
  class space    used 8818K, committed 9600K, reserved 1048576K
GC Heap History (20 events):
Event: 4975.650 GC heap before
{Heap before GC invocations=2590 (full 4):
 PSYoungGen      total 14848K, used 14848K [0x00000000d5580000, 0x00000000d7b80000, 0x0000000100000000)
  eden space 12288K, 100% used [0x00000000d5580000,0x00000000d6180000,0x00000000d6180000)
  from space 2560K, 100% used [0x00000000d6180000,0x00000000d6400000,0x00000000d6400000)
  to   space 13312K, 0% used [0x00000000d6e80000,0x00000000d6e80000,0x00000000d7b80000)
 ParOldGen       total 1308160K, used 526353K [0x0000000080000000, 0x00000000cfd80000, 0x00000000d5580000)
  object space 1308160K, 40% used [0x0000000080000000,0x00000000a0204610,0x00000000cfd80000)
 Metaspace       used 85662K, committed 87424K, reserved 1179648K
  class space    used 8813K, committed 9600K, reserved 1048576K
}
Event: 4975.705 GC heap after
{Heap after GC invocations=2590 (full 4):
 PSYoungGen      total 13824K, used 1234K [0x00000000d5580000, 0x00000000d7000000, 0x0000000100000000)
  eden space 12288K, 0% used [0x00000000d5580000,0x00000000d5580000,0x00000000d6180000)
  from space 1536K, 80% used [0x00000000d6e80000,0x00000000d6fb4800,0x00000000d7000000)
  to   space 5120K, 0% used [0x00000000d6600000,0x00000000d6600000,0x00000000d6b00000)
 ParOldGen       total 1308160K, used 528951K [0x0000000080000000, 0x00000000cfd80000, 0x00000000d5580000)
  object space 1308160K, 40% used [0x0000000080000000,0x00000000a048dd20,0x00000000cfd80000)
 Metaspace       used 85662K, committed 87424K, reserved 1179648K
  class space    used 8813K, committed 9600K, reserved 1048576K
}
Event: 4976.182 GC heap before
{Heap before GC invocations=2591 (full 4):
 PSYoungGen      total 13824K, used 13522K [0x00000000d5580000, 0x00000000d7000000, 0x0000000100000000)
  eden space 12288K, 100% used [0x00000000d5580000,0x00000000d6180000,0x00000000d6180000)
  from space 1536K, 80% used [0x00000000d6e80000,0x00000000d6fb4800,0x00000000d7000000)
  to   space 5120K, 0% used [0x00000000d6600000,0x00000000d6600000,0x00000000d6b00000)
 ParOldGen       total 1308160K, used 528951K [0x0000000080000000, 0x00000000cfd80000, 0x00000000d5580000)
  object space 1308160K, 40% used [0x0000000080000000,0x00000000a048dd20,0x00000000cfd80000)
 Metaspace       used 85674K, committed 87424K, reserved 1179648K
  class space    used 8816K, committed 9600K, reserved 1048576K
}
Event: 4976.203 GC heap after
{Heap after GC invocations=2591 (full 4):
 PSYoungGen      total 17408K, used 425K [0x00000000d5580000, 0x00000000d6f00000, 0x0000000100000000)
  eden space 12288K, 0% used [0x00000000d5580000,0x00000000d5580000,0x00000000d6180000)
  from space 5120K, 8% used [0x00000000d6600000,0x00000000d666a400,0x00000000d6b00000)
  to   space 1536K, 0% used [0x00000000d6d80000,0x00000000d6d80000,0x00000000d6f00000)
 ParOldGen       total 1308160K, used 529977K [0x0000000080000000, 0x00000000cfd80000, 0x00000000d5580000)
  object space 1308160K, 40% used [0x0000000080000000,0x00000000a058e7e0,0x00000000cfd80000)
 Metaspace       used 85674K, committed 87424K, reserved 1179648K
  class space    used 8816K, committed 9600K, reserved 1048576K
}
Event: 4976.889 GC heap before
{Heap before GC invocations=2592 (full 4):
 PSYoungGen      total 17408K, used 12713K [0x00000000d5580000, 0x00000000d6f00000, 0x0000000100000000)
  eden space 12288K, 100% used [0x00000000d5580000,0x00000000d6180000,0x00000000d6180000)
  from space 5120K, 8% used [0x00000000d6600000,0x00000000d666a400,0x00000000d6b00000)
  to   space 1536K, 0% used [0x00000000d6d80000,0x00000000d6d80000,0x00000000d6f00000)
 ParOldGen       total 1308160K, used 529977K [0x0000000080000000, 0x00000000cfd80000, 0x00000000d5580000)
  object space 1308160K, 40% used [0x0000000080000000,0x00000000a058e7e0,0x00000000cfd80000)
 Metaspace       used 85679K, committed 87424K, reserved 1179648K
  class space    used 8816K, committed 9600K, reserved 1048576K
}
Event: 4976.896 GC heap after
{Heap after GC invocations=2592 (full 4):
 PSYoungGen      total 12800K, used 489K [0x00000000d5580000, 0x00000000d6e00000, 0x0000000100000000)
  eden space 12288K, 0% used [0x00000000d5580000,0x00000000d5580000,0x00000000d6180000)
  from space 512K, 95% used [0x00000000d6d80000,0x00000000d6dfa400,0x00000000d6e00000)
  to   space 1024K, 0% used [0x00000000d6c00000,0x00000000d6c00000,0x00000000d6d00000)
 ParOldGen       total 1308160K, used 530001K [0x0000000080000000, 0x00000000cfd80000, 0x00000000d5580000)
  object space 1308160K, 40% used [0x0000000080000000,0x00000000a05947e0,0x00000000cfd80000)
 Metaspace       used 85679K, committed 87424K, reserved 1179648K
  class space    used 8816K, committed 9600K, reserved 1048576K
}
Event: 4977.770 GC heap before
{Heap before GC invocations=2593 (full 4):
 PSYoungGen      total 12800K, used 12777K [0x00000000d5580000, 0x00000000d6e00000, 0x0000000100000000)
  eden space 12288K, 100% used [0x00000000d5580000,0x00000000d6180000,0x00000000d6180000)
  from space 512K, 95% used [0x00000000d6d80000,0x00000000d6dfa400,0x00000000d6e00000)
  to   space 1024K, 0% used [0x00000000d6c00000,0x00000000d6c00000,0x00000000d6d00000)
 ParOldGen       total 1308160K, used 530001K [0x0000000080000000, 0x00000000cfd80000, 0x00000000d5580000)
  object space 1308160K, 40% used [0x0000000080000000,0x00000000a05947e0,0x00000000cfd80000)
 Metaspace       used 85690K, committed 87488K, reserved 1179648K
  class space    used 8817K, committed 9600K, reserved 1048576K
}
Event: 4977.776 GC heap after
{Heap after GC invocations=2593 (full 4):
 PSYoungGen      total 13312K, used 265K [0x00000000d5580000, 0x00000000d6e00000, 0x0000000100000000)
  eden space 12288K, 0% used [0x00000000d5580000,0x00000000d5580000,0x00000000d6180000)
  from space 1024K, 25% used [0x00000000d6c00000,0x00000000d6c42400,0x00000000d6d00000)
  to   space 512K, 0% used [0x00000000d6d80000,0x00000000d6d80000,0x00000000d6e00000)
 ParOldGen       total 1308160K, used 530017K [0x0000000080000000, 0x00000000cfd80000, 0x00000000d5580000)
  object space 1308160K, 40% used [0x0000000080000000,0x00000000a05987e0,0x00000000cfd80000)
 Metaspace       used 85690K, committed 87488K, reserved 1179648K
  class space    used 8817K, committed 9600K, reserved 1048576K
}
Event: 4978.412 GC heap before
{Heap before GC invocations=2594 (full 4):
 PSYoungGen      total 13312K, used 12537K [0x00000000d5580000, 0x00000000d6e00000, 0x0000000100000000)
  eden space 12288K, 99% used [0x00000000d5580000,0x00000000d617c010,0x00000000d6180000)
  from space 1024K, 25% used [0x00000000d6c00000,0x00000000d6c42400,0x00000000d6d00000)
  to   space 512K, 0% used [0x00000000d6d80000,0x00000000d6d80000,0x00000000d6e00000)
 ParOldGen       total 1308160K, used 530017K [0x0000000080000000, 0x00000000cfd80000, 0x00000000d5580000)
  object space 1308160K, 40% used [0x0000000080000000,0x00000000a05987e0,0x00000000cfd80000)
 Metaspace       used 85692K, committed 87488K, reserved 1179648K
  class space    used 8817K, committed 9600K, reserved 1048576K
}
Event: 4978.421 GC heap after
{Heap after GC invocations=2594 (full 4):
 PSYoungGen      total 12800K, used 148K [0x00000000d5580000, 0x00000000d6e00000, 0x0000000100000000)
  eden space 12288K, 0% used [0x00000000d5580000,0x00000000d5580000,0x00000000d6180000)
  from space 512K, 29% used [0x00000000d6d80000,0x00000000d6da5200,0x00000000d6e00000)
  to   space 512K, 0% used [0x00000000d6d00000,0x00000000d6d00000,0x00000000d6d80000)
 ParOldGen       total 1308160K, used 530065K [0x0000000080000000, 0x00000000cfd80000, 0x00000000d5580000)
  object space 1308160K, 40% used [0x0000000080000000,0x00000000a05a47e0,0x00000000cfd80000)
 Metaspace       used 85692K, committed 87488K, reserved 1179648K
  class space    used 8817K, committed 9600K, reserved 1048576K
}
Event: 4978.514 GC heap before
{Heap before GC invocations=2595 (full 4):
 PSYoungGen      total 12800K, used 12436K [0x00000000d5580000, 0x00000000d6e00000, 0x0000000100000000)
  eden space 12288K, 100% used [0x00000000d5580000,0x00000000d6180000,0x00000000d6180000)
  from space 512K, 29% used [0x00000000d6d80000,0x00000000d6da5200,0x00000000d6e00000)
  to   space 512K, 0% used [0x00000000d6d00000,0x00000000d6d00000,0x00000000d6d80000)
 ParOldGen       total 1308160K, used 530065K [0x0000000080000000, 0x00000000cfd80000, 0x00000000d5580000)
  object space 1308160K, 40% used [0x0000000080000000,0x00000000a05a47e0,0x00000000cfd80000)
 Metaspace       used 85703K, committed 87488K, reserved 1179648K
  class space    used 8817K, committed 9600K, reserved 1048576K
}
Event: 4978.517 GC heap after
{Heap after GC invocations=2595 (full 4):
 PSYoungGen      total 12800K, used 265K [0x00000000d5580000, 0x00000000d6e00000, 0x0000000100000000)
  eden space 12288K, 0% used [0x00000000d5580000,0x00000000d5580000,0x00000000d6180000)
  from space 512K, 51% used [0x00000000d6d00000,0x00000000d6d42400,0x00000000d6d80000)
  to   space 512K, 0% used [0x00000000d6d80000,0x00000000d6d80000,0x00000000d6e00000)
 ParOldGen       total 1308160K, used 530137K [0x0000000080000000, 0x00000000cfd80000, 0x00000000d5580000)
  object space 1308160K, 40% used [0x0000000080000000,0x00000000a05b67e0,0x00000000cfd80000)
 Metaspace       used 85703K, committed 87488K, reserved 1179648K
  class space    used 8817K, committed 9600K, reserved 1048576K
}
Event: 5131.666 GC heap before
{Heap before GC invocations=2596 (full 4):
 PSYoungGen      total 12800K, used 12553K [0x00000000d5580000, 0x00000000d6e00000, 0x0000000100000000)
  eden space 12288K, 100% used [0x00000000d5580000,0x00000000d6180000,0x00000000d6180000)
  from space 512K, 51% used [0x00000000d6d00000,0x00000000d6d42400,0x00000000d6d80000)
  to   space 512K, 0% used [0x00000000d6d80000,0x00000000d6d80000,0x00000000d6e00000)
 ParOldGen       total 1308160K, used 530137K [0x0000000080000000, 0x00000000cfd80000, 0x00000000d5580000)
  object space 1308160K, 40% used [0x0000000080000000,0x00000000a05b67e0,0x00000000cfd80000)
 Metaspace       used 85751K, committed 87488K, reserved 1179648K
  class space    used 8817K, committed 9600K, reserved 1048576K
}
Event: 5132.248 GC heap after
{Heap after GC invocations=2596 (full 4):
 PSYoungGen      total 12800K, used 265K [0x00000000d5580000, 0x00000000d6e00000, 0x0000000100000000)
  eden space 12288K, 0% used [0x00000000d5580000,0x00000000d5580000,0x00000000d6180000)
  from space 512K, 51% used [0x00000000d6d80000,0x00000000d6dc2400,0x00000000d6e00000)
  to   space 512K, 0% used [0x00000000d6d00000,0x00000000d6d00000,0x00000000d6d80000)
 ParOldGen       total 1308160K, used 530145K [0x0000000080000000, 0x00000000cfd80000, 0x00000000d5580000)
  object space 1308160K, 40% used [0x0000000080000000,0x00000000a05b87e0,0x00000000cfd80000)
 Metaspace       used 85751K, committed 87488K, reserved 1179648K
  class space    used 8817K, committed 9600K, reserved 1048576K
}
Event: 5137.078 GC heap before
{Heap before GC invocations=2597 (full 4):
 PSYoungGen      total 12800K, used 12553K [0x00000000d5580000, 0x00000000d6e00000, 0x0000000100000000)
  eden space 12288K, 100% used [0x00000000d5580000,0x00000000d6180000,0x00000000d6180000)
  from space 512K, 51% used [0x00000000d6d80000,0x00000000d6dc2400,0x00000000d6e00000)
  to   space 512K, 0% used [0x00000000d6d00000,0x00000000d6d00000,0x00000000d6d80000)
 ParOldGen       total 1308160K, used 530145K [0x0000000080000000, 0x00000000cfd80000, 0x00000000d5580000)
  object space 1308160K, 40% used [0x0000000080000000,0x00000000a05b87e0,0x00000000cfd80000)
 Metaspace       used 85817K, committed 87552K, reserved 1179648K
  class space    used 8817K, committed 9600K, reserved 1048576K
}
Event: 5137.083 GC heap after
{Heap after GC invocations=2597 (full 4):
 PSYoungGen      total 12800K, used 96K [0x00000000d5580000, 0x00000000d6e00000, 0x0000000100000000)
  eden space 12288K, 0% used [0x00000000d5580000,0x00000000d5580000,0x00000000d6180000)
  from space 512K, 18% used [0x00000000d6d00000,0x00000000d6d18000,0x00000000d6d80000)
  to   space 512K, 0% used [0x00000000d6d80000,0x00000000d6d80000,0x00000000d6e00000)
 ParOldGen       total 1308160K, used 530169K [0x0000000080000000, 0x00000000cfd80000, 0x00000000d5580000)
  object space 1308160K, 40% used [0x0000000080000000,0x00000000a05be7e0,0x00000000cfd80000)
 Metaspace       used 85817K, committed 87552K, reserved 1179648K
  class space    used 8817K, committed 9600K, reserved 1048576K
}
Event: 5186.476 GC heap before
{Heap before GC invocations=2598 (full 4):
 PSYoungGen      total 12800K, used 12384K [0x00000000d5580000, 0x00000000d6e00000, 0x0000000100000000)
  eden space 12288K, 100% used [0x00000000d5580000,0x00000000d6180000,0x00000000d6180000)
  from space 512K, 18% used [0x00000000d6d00000,0x00000000d6d18000,0x00000000d6d80000)
  to   space 512K, 0% used [0x00000000d6d80000,0x00000000d6d80000,0x00000000d6e00000)
 ParOldGen       total 1308160K, used 530169K [0x0000000080000000, 0x00000000cfd80000, 0x00000000d5580000)
  object space 1308160K, 40% used [0x0000000080000000,0x00000000a05be7e0,0x00000000cfd80000)
 Metaspace       used 85859K, committed 87616K, reserved 1179648K
  class space    used 8818K, committed 9600K, reserved 1048576K
}
Event: 5187.165 GC heap after
{Heap after GC invocations=2598 (full 4):
 PSYoungGen      total 12800K, used 128K [0x00000000d5580000, 0x00000000d6e00000, 0x0000000100000000)
  eden space 12288K, 0% used [0x00000000d5580000,0x00000000d5580000,0x00000000d6180000)
  from space 512K, 25% used [0x00000000d6d80000,0x00000000d6da0000,0x00000000d6e00000)
  to   space 512K, 0% used [0x00000000d6d00000,0x00000000d6d00000,0x00000000d6d80000)
 ParOldGen       total 1308160K, used 530193K [0x0000000080000000, 0x00000000cfd80000, 0x00000000d5580000)
  object space 1308160K, 40% used [0x0000000080000000,0x00000000a05c47e0,0x00000000cfd80000)
 Metaspace       used 85859K, committed 87616K, reserved 1179648K
  class space    used 8818K, committed 9600K, reserved 1048576K
}
Event: 5283.480 GC heap before
{Heap before GC invocations=2599 (full 4):
 PSYoungGen      total 12800K, used 12416K [0x00000000d5580000, 0x00000000d6e00000, 0x0000000100000000)
  eden space 12288K, 100% used [0x00000000d5580000,0x00000000d6180000,0x00000000d6180000)
  from space 512K, 25% used [0x00000000d6d80000,0x00000000d6da0000,0x00000000d6e00000)
  to   space 512K, 0% used [0x00000000d6d00000,0x00000000d6d00000,0x00000000d6d80000)
 ParOldGen       total 1308160K, used 530193K [0x0000000080000000, 0x00000000cfd80000, 0x00000000d5580000)
  object space 1308160K, 40% used [0x0000000080000000,0x00000000a05c47e0,0x00000000cfd80000)
 Metaspace       used 85865K, committed 87616K, reserved 1179648K
  class space    used 8818K, committed 9600K, reserved 1048576K
}
Event: 5284.172 GC heap after
{Heap after GC invocations=2599 (full 4):
 PSYoungGen      total 12800K, used 489K [0x00000000d5580000, 0x00000000d6e00000, 0x0000000100000000)
  eden space 12288K, 0% used [0x00000000d5580000,0x00000000d5580000,0x00000000d6180000)
  from space 512K, 95% used [0x00000000d6d00000,0x00000000d6d7a420,0x00000000d6d80000)
  to   space 512K, 0% used [0x00000000d6d80000,0x00000000d6d80000,0x00000000d6e00000)
 ParOldGen       total 1308160K, used 530241K [0x0000000080000000, 0x00000000cfd80000, 0x00000000d5580000)
  object space 1308160K, 40% used [0x0000000080000000,0x00000000a05d07e0,0x00000000cfd80000)
 Metaspace       used 85865K, committed 87616K, reserved 1179648K
  class space    used 8818K, committed 9600K, reserved 1048576K
}

